Daemon <webscraping> started with pid 2065

Traceback (most recent call last):
  File "./webscrap.py", line 101, in <module>
    web_scraping()
  File "./webscrap.py", line 70, in web_scraping
    z = used-avtomir.get_all_site(s)
NameError: name 'used' is not defined
Daemon <webscraping> started with pid 2133

Traceback (most recent call last):
  File "./webscrap.py", line 101, in <module>
    web_scraping()
  File "./webscrap.py", line 70, in web_scraping
    z = usedavtomir.get_all_site(s)
AttributeError: 'module' object has no attribute 'get_all_site'
Daemon <webscraping> started with pid 2153

{'arh', 'samara', 'nvk', 'vrn', 'kr', 'nn', 'karaganda', 'sgt', 'chel', 'spb', 'msk', 'ekt', 'almaty', 'nvs', 'yar', 'srt', 'br'}
Traceback (most recent call last):
  File "./webscrap.py", line 101, in <module>
    web_scraping()
  File "./webscrap.py", line 75, in web_scraping
    if get_link(s, ''.join(('http://', i, '.', site), dict())):
NameError: name 'get_link' is not defined
Daemon <webscraping> started with pid 2181

{'karaganda', 'nn', 'almaty', 'arh', 'samara', 'br', 'kr', 'vrn', 'srt', 'ekt', 'spb', 'msk', 'sgt', 'chel', 'yar', 'nvs', 'nvk'}
Traceback (most recent call last):
  File "./webscrap.py", line 101, in <module>
    web_scraping()
  File "./webscrap.py", line 75, in web_scraping
    if usedavtomir.get_link(s, ''.join(('http://', i, '.', site), dict())):
TypeError: join() takes exactly one argument (2 given)
Daemon <webscraping> started with pid 2216

{'almaty', 'sgt', 'arh', 'nvs', 'kr', 'msk', 'srt', 'vrn', 'br', 'ekt', 'nvk', 'chel', 'spb', 'karaganda', 'yar', 'nn', 'samara'}
Traceback (most recent call last):
  File "./webscrap.py", line 101, in <module>
    web_scraping()
  File "./webscrap.py", line 75, in web_scraping
    if usedavtomir.get_link(s, ''.join(('http://', i, '.', usedavtomir.site), dict())):
TypeError: join() takes exactly one argument (2 given)
Daemon <webscraping> started with pid 2280

{'kr', 'chel', 'sgt', 'almaty', 'yar', 'ekt', 'spb', 'samara', 'srt', 'br', 'nvs', 'karaganda', 'arh', 'nvk', 'nn', 'vrn', 'msk'}
Traceback (most recent call last):
  File "./webscrap.py", line 103, in <module>
    web_scraping()
  File "./webscrap.py", line 75, in web_scraping
    url = ''.join(i,'.',usedavtomir.site)
TypeError: join() takes exactly one argument (3 given)
Daemon <webscraping> started with pid 2286

{'br', 'chel', 'msk', 'ekt', 'spb', 'nvs', 'samara', 'almaty', 'karaganda', 'arh', 'nvk', 'yar', 'sgt', 'kr', 'srt', 'nn', 'vrn'}
Traceback (most recent call last):
  File "./webscrap.py", line 103, in <module>
    web_scraping()
  File "./webscrap.py", line 75, in web_scraping
    url = ''.join(i,'.',usedavtomir.site)
TypeError: join() takes exactly one argument (3 given)
Daemon <webscraping> started with pid 2411

{'spb', 'srt', 'vrn', 'br', 'samara', 'yar', 'karaganda', 'nn', 'chel', 'msk', 'nvk', 'nvs', 'sgt', 'ekt', 'arh', 'almaty', 'kr'}
Traceback (most recent call last):
  File "./webscrap.py", line 101, in <module>
    web_scraping()
  File "./webscrap.py", line 75, in web_scraping
    if usedavtomir.get_link(s, ''.join(('http://', i, '.', usedavtomir.site)) , dict()):
  File "/home/mrx/Pyfiles/scraping/usedavtomir.py", line 55, in get_link
    urlData.add((x.a.find('div', {'class': 'caption'}).text,
NameError: name 'urlData' is not defined
Daemon <webscraping> started with pid 2465

{'ekt', 'almaty', 'br', 'karaganda', 'nn', 'nvk', 'arh', 'samara', 'srt', 'sgt', 'chel', 'vrn', 'nvs', 'msk', 'kr', 'spb', 'yar'}
Traceback (most recent call last):
  File "./webscrap.py", line 101, in <module>
    web_scraping()
  File "./webscrap.py", line 75, in web_scraping
    if usedavtomir.get_link(s, ''.join(('http://', i, '.', usedavtomir.site)) , dict()):
  File "/home/mrx/Pyfiles/scraping/usedavtomir.py", line 55, in get_link
    urlData.add((x.a.find('div', {'class': 'caption'}).text,
NameError: name 'urlData' is not defined
